{"message":"logger123","level":"info","timestamp":"2021-02-10T09:39:36.395Z"}
{"message":"logger123","level":"info","timestamp":"2021-02-10T09:39:45.128Z"}
{"message":"logger123","level":"info","timestamp":"2021-02-10T10:53:57.264Z"}
{"message":"logger123","level":"info","timestamp":"2021-02-10T10:54:20.242Z"}
{"message":"logger123","level":"info","timestamp":"2021-02-10T10:54:44.473Z"}
{"message":"logger123","level":"info","timestamp":"2021-02-10T11:01:03.697Z"}
{"message":"logger123","level":"info","timestamp":"2021-02-10T11:01:20.727Z"}
{"message":"logger123","level":"info","timestamp":"2021-02-10T11:02:05.532Z"}
{"message":"logger123","level":"info","timestamp":"2021-02-10T11:05:35.788Z"}
{"message":"logger123","level":"info","timestamp":"2021-02-10T11:05:56.414Z"}
{"message":"logger123","level":"info","timestamp":"2021-02-10T11:06:59.906Z"}
{"message":"logger123","level":"info","timestamp":"2021-02-10T11:07:14.463Z"}
{"message":"logger123","level":"info","timestamp":"2021-02-10T11:07:53.293Z"}
{"message":"logger123","level":"info","timestamp":"2021-02-10T11:09:03.791Z"}
{"message":"logger123","level":"info","timestamp":"2021-02-10T11:10:03.037Z"}
{"message":"logger123","level":"info","timestamp":"2021-02-10T11:11:33.602Z"}
{"message":"logger123","level":"info","timestamp":"2021-02-10T11:13:19.353Z"}
{"message":"logger123","level":"info","timestamp":"2021-02-10T11:14:49.593Z"}
{"message":"logger123","level":"info","timestamp":"2021-02-10T11:16:29.476Z"}
{"message":"logger123","level":"info","timestamp":"2021-02-10T11:17:44.666Z"}
{"message":"logger123","level":"info","timestamp":"2021-02-10T11:18:34.151Z"}
{"message":"logger123","level":"info","timestamp":"2021-02-10T11:21:31.695Z"}
{"message":"logger123","level":"info","timestamp":"2021-02-10T11:26:57.013Z"}
{"message":"logger123","level":"info","timestamp":"2021-02-10T11:27:26.526Z"}
{"message":"logger123","level":"info","timestamp":"2021-02-10T11:28:02.757Z"}
{"message":"logger123","level":"info","timestamp":"2021-02-10T11:41:28.002Z"}
{"message":"logger123","level":"info","timestamp":"2021-02-10T12:22:57.688Z"}
{"message":"logger123","level":"info","timestamp":"2021-02-10T12:23:12.329Z"}
{"message":"logger123","level":"info","timestamp":"2021-02-10T12:25:05.703Z"}
{"message":"logger123","level":"info","timestamp":"2021-02-10T12:25:39.433Z"}
{"message":"logger123","level":"info","timestamp":"2021-02-10T12:26:33.696Z"}
{"message":"logger123","level":"info","timestamp":"2021-02-10T13:51:51.585Z"}
{"message":"logger123","level":"info","timestamp":"2021-02-10T17:49:33.020Z"}
{"message":"logger123","level":"info","timestamp":"2021-02-11T06:10:02.195Z"}
{"message":"logger123","level":"info","timestamp":"2021-02-11T06:10:21.771Z"}
{"message":"logger123","level":"info","timestamp":"2021-02-11T07:45:06.994Z"}
{"message":"logger123","level":"info","timestamp":"2021-02-11T08:12:20.445Z"}
{"message":"logger123","level":"info","timestamp":"2021-02-11T08:22:33.870Z"}
{"message":"logger123","level":"info","timestamp":"2021-02-11T08:46:44.709Z"}
{"message":"logger123","level":"info","timestamp":"2021-02-11T10:30:28.921Z"}
{"message":"logger123","level":"info","timestamp":"2021-02-11T11:06:34.315Z"}
{"message":"logger123","level":"info","timestamp":"2021-02-11T14:01:01.805Z"}
{"message":"Blog sorted","level":"info","timestamp":"2021-02-12T06:41:27.667Z"}
{"message":"Blog sorted","level":"info","timestamp":"2021-02-12T06:43:05.094Z"}
{"message":"logger123","level":"info","timestamp":"2021-02-12T07:00:56.431Z"}
{"message":"Blog successfully created","level":"info","timestamp":"2021-02-12T07:00:56.722Z"}
{"message":"Blog sorted","level":"info","timestamp":"2021-02-12T07:00:57.016Z"}
{"message":"Blog sorted","level":"info","timestamp":"2021-02-12T07:01:00.401Z"}
{"message":"Blog sorted","level":"info","timestamp":"2021-02-12T07:01:37.303Z"}
{"message":"Blog sorted","level":"info","timestamp":"2021-02-12T07:01:43.603Z"}
{"message":"Blog sorted","level":"info","timestamp":"2021-02-12T07:08:00.346Z"}
{"message":"Blog sorted","level":"info","timestamp":"2021-02-12T07:08:02.533Z"}
{"message":"Blog sorted","level":"info","timestamp":"2021-02-12T07:08:04.209Z"}
{"message":"logger123","level":"info","timestamp":"2021-02-12T07:08:14.755Z"}
{"message":"Blog successfully created","level":"info","timestamp":"2021-02-12T07:08:15.053Z"}
{"message":"Blog sorted","level":"info","timestamp":"2021-02-12T07:08:15.372Z"}
{"message":"Blog sorted","level":"info","timestamp":"2021-02-12T07:08:18.948Z"}
{"message":"Blog sorted","level":"info","timestamp":"2021-02-12T07:08:30.229Z"}
{"message":"Blog sorted","level":"info","timestamp":"2021-02-12T07:08:37.384Z"}
{"message":"Blog sorted","level":"info","timestamp":"2021-02-12T07:08:56.090Z"}
{"message":"Blog sorted","level":"info","timestamp":"2021-02-12T07:09:39.169Z"}
{"message":"Blog sorted","level":"info","timestamp":"2021-02-12T07:13:29.655Z"}
{"message":"Blog sorted","level":"info","timestamp":"2021-02-12T07:13:42.151Z"}
{"message":"Blog sorted","level":"info","timestamp":"2021-02-12T14:02:53.662Z"}
{"message":"Blog sorted","level":"info","timestamp":"2021-02-12T14:02:55.727Z"}
{"message":"Blog sorted","level":"info","timestamp":"2021-02-12T14:02:58.523Z"}
{"message":"Blog sorted","level":"info","timestamp":"2021-02-12T14:03:03.673Z"}
{"message":"logger123","level":"info","timestamp":"2021-02-12T14:03:14.150Z"}
{"message":"Blog successfully created","level":"info","timestamp":"2021-02-12T14:03:14.421Z"}
{"message":"Blog sorted","level":"info","timestamp":"2021-02-12T14:03:14.693Z"}
{"message":"Blog sorted","level":"info","timestamp":"2021-02-12T14:04:46.297Z"}
{"message":"Blog sorted","level":"info","timestamp":"2021-02-12T14:04:49.866Z"}
{"message":"Blog sorted","level":"info","timestamp":"2021-02-13T06:22:18.831Z"}
{"message":"logger123","level":"info","timestamp":"2021-02-13T06:22:41.016Z"}
{"message":"Blog successfully created","level":"info","timestamp":"2021-02-13T06:22:41.316Z"}
{"message":"Blog sorted","level":"info","timestamp":"2021-02-13T06:22:41.605Z"}
{"message":"Blog sorted","level":"info","timestamp":"2021-02-13T06:23:15.395Z"}
{"message":"Blog sorted","level":"info","timestamp":"2021-02-13T06:26:02.201Z"}
{"message":"Blog sorted","level":"info","timestamp":"2021-02-15T05:50:59.784Z"}
{"message":"logger123","level":"info","timestamp":"2021-02-15T05:51:09.511Z"}
{"message":"Blog successfully created","level":"info","timestamp":"2021-02-15T05:51:09.832Z"}
{"message":"Blog sorted","level":"info","timestamp":"2021-02-15T05:51:10.148Z"}
{"message":"Edit page displayed","level":"info","timestamp":"2021-02-15T05:51:13.089Z"}
{"message":"Blog content successfully updated","level":"info","timestamp":"2021-02-15T05:51:16.818Z"}
{"message":"Blog sorted","level":"info","timestamp":"2021-02-15T05:51:17.141Z"}
{"message":"Blog sorted","level":"info","timestamp":"2021-02-15T06:54:40.455Z"}
{"message":"Blog sorted","level":"info","timestamp":"2021-02-15T06:54:44.165Z"}
{"message":"Edit page displayed","level":"info","timestamp":"2021-02-15T06:54:46.609Z"}
{"message":"Blog content successfully updated","level":"info","timestamp":"2021-02-15T06:54:51.158Z"}
{"message":"Blog sorted","level":"info","timestamp":"2021-02-15T06:54:51.458Z"}
{"message":"Edit page displayed","level":"info","timestamp":"2021-02-15T06:55:18.717Z"}
{"message":"Blog content successfully updated","level":"info","timestamp":"2021-02-15T06:55:24.339Z"}
{"message":"Blog sorted","level":"info","timestamp":"2021-02-15T06:55:24.626Z"}
{"message":"Blog sorted","level":"info","timestamp":"2021-02-15T06:55:26.621Z"}
